# JRE version: OpenJDK Runtime Environment (21.0.4+7) (build 21.0.4+7-Ubuntu-1ubuntu222.04)
# Java VM: OpenJDK 64-Bit Server VM (21.0.4+7-Ubuntu-1ubuntu222.04, mixed mode, tiered, compressed oops, compressed class ptrs, g1 gc, linux-amd64)
GC Precious Log:
 CardTable entry size: 512
 Card Set container configuration: InlinePtr #cards 4 size 8 Array Of Cards #cards 32 size 80 Howl #buckets 8 coarsen threshold 7372 Howl Bitmap #cards 1024 size 144 coarsen threshold 921 Card regions per heap region 1 cards per card region 8192
 CPUs: 20 total, 20 available
 Memory: 23650M
 Large Page Support: Disabled
 NUMA Support: Disabled
 Compressed Oops: Enabled (Zero based)
 Heap Region Size: 4M
 Heap Min Capacity: 8M
 Heap Initial Capacity: 372M
 Heap Max Capacity: 5916M
 Pre-touch: Disabled
 Parallel Workers: 15
 Concurrent Workers: 4
 Concurrent Refinement Workers: 15
 Periodic GC: Disabled
Heap:
 garbage-first heap   total 61440K, used 25064K [0x000000064e400000, 0x00000007c0000000)
  region size 4096K, 2 young (8192K), 0 survivors (0K)
 Metaspace       used 16440K, committed 16768K, reserved 1114112K
  class space    used 1510K, committed 1664K, reserved 1048576K
GC Heap History (20 events):
Event: 0.140 GC heap before
{Heap before GC invocations=1 (full 1):
 garbage-first heap   total 28672K, used 9567K [0x000000064e400000, 0x00000007c0000000)
  region size 4096K, 2 young (8192K), 0 survivors (0K)
 Metaspace       used 9274K, committed 9408K, reserved 1114112K
  class space    used 787K, committed 832K, reserved 1048576K
}
Event: 0.141 GC heap after
{Heap after GC invocations=2 (full 1):
 garbage-first heap   total 28672K, used 2335K [0x000000064e400000, 0x00000007c0000000)
  region size 4096K, 1 young (4096K), 1 survivors (4096K)
 Metaspace       used 9274K, committed 9408K, reserved 1114112K
  class space    used 787K, committed 832K, reserved 1048576K
}
Event: 0.150 GC heap before
{Heap before GC invocations=2 (full 1):
 garbage-first heap   total 28672K, used 10527K [0x000000064e400000, 0x00000007c0000000)
  region size 4096K, 3 young (12288K), 1 survivors (4096K)
 Metaspace       used 9283K, committed 9408K, reserved 1114112K
  class space    used 787K, committed 832K, reserved 1048576K
}
Event: 0.151 GC heap after
{Heap after GC invocations=3 (full 1):
 garbage-first heap   total 28672K, used 2767K [0x000000064e400000, 0x00000007c0000000)
  region size 4096K, 1 young (4096K), 1 survivors (4096K)
 Metaspace       used 9283K, committed 9408K, reserved 1114112K
  class space    used 787K, committed 832K, reserved 1048576K
}
Event: 0.158 GC heap before
{Heap before GC invocations=3 (full 1):
 garbage-first heap   total 28672K, used 10959K [0x000000064e400000, 0x00000007c0000000)
  region size 4096K, 3 young (12288K), 1 survivors (4096K)
 Metaspace       used 9299K, committed 9408K, reserved 1114112K
  class space    used 787K, committed 832K, reserved 1048576K
}
Event: 0.160 GC heap after
{Heap after GC invocations=4 (full 1):
 garbage-first heap   total 28672K, used 3817K [0x000000064e400000, 0x00000007c0000000)
  region size 4096K, 1 young (4096K), 1 survivors (4096K)
 Metaspace       used 9299K, committed 9408K, reserved 1114112K
  class space    used 787K, committed 832K, reserved 1048576K
}
Event: 0.165 GC heap before
{Heap before GC invocations=4 (full 1):
 garbage-first heap   total 28672K, used 12009K [0x000000064e400000, 0x00000007c0000000)
  region size 4096K, 3 young (12288K), 1 survivors (4096K)
 Metaspace       used 9304K, committed 9408K, reserved 1114112K
  class space    used 787K, committed 832K, reserved 1048576K
}
Event: 0.168 GC heap after
{Heap after GC invocations=5 (full 1):
 garbage-first heap   total 204800K, used 4439K [0x000000064e400000, 0x00000007c0000000)
  region size 4096K, 1 young (4096K), 1 survivors (4096K)
 Metaspace       used 9304K, committed 9408K, reserved 1114112K
  class space    used 787K, committed 832K, reserved 1048576K
}
Event: 0.201 GC heap before
{Heap before GC invocations=5 (full 1):
 garbage-first heap   total 204800K, used 12631K [0x000000064e400000, 0x00000007c0000000)
  region size 4096K, 4 young (16384K), 1 survivors (4096K)
 Metaspace       used 10490K, committed 10688K, reserved 1114112K
  class space    used 880K, committed 960K, reserved 1048576K
}
Event: 0.207 GC heap after
{Heap after GC invocations=6 (full 2):
 garbage-first heap   total 57344K, used 5694K [0x000000064e400000, 0x00000007c0000000)
  region size 4096K, 0 young (0K), 0 survivors (0K)
 Metaspace       used 10490K, committed 10688K, reserved 1114112K
  class space    used 880K, committed 960K, reserved 1048576K
}
Event: 0.359 GC heap before
{Heap before GC invocations=6 (full 2):
 garbage-first heap   total 57344K, used 38462K [0x000000064e400000, 0x00000007c0000000)
  region size 4096K, 7 young (28672K), 0 survivors (0K)
 Metaspace       used 11730K, committed 12032K, reserved 1114112K
  class space    used 982K, committed 1152K, reserved 1048576K
}
Event: 0.362 GC heap after
{Heap after GC invocations=7 (full 2):
 garbage-first heap   total 61440K, used 19342K [0x000000064e400000, 0x00000007c0000000)
  region size 4096K, 1 young (4096K), 1 survivors (4096K)
 Metaspace       used 11730K, committed 12032K, reserved 1114112K
  class space    used 982K, committed 1152K, reserved 1048576K
}
Event: 0.369 GC heap before
{Heap before GC invocations=7 (full 2):
 garbage-first heap   total 61440K, used 19342K [0x000000064e400000, 0x00000007c0000000)
  region size 4096K, 2 young (8192K), 1 survivors (4096K)
 Metaspace       used 11757K, committed 12096K, reserved 1114112K
  class space    used 982K, committed 1152K, reserved 1048576K
}
Event: 0.388 GC heap after
{Heap after GC invocations=8 (full 3):
 garbage-first heap   total 61440K, used 17280K [0x000000064e400000, 0x00000007c0000000)
  region size 4096K, 0 young (0K), 0 survivors (0K)
 Metaspace       used 11757K, committed 12096K, reserved 1114112K
  class space    used 982K, committed 1152K, reserved 1048576K
}
Event: 0.468 GC heap before
{Heap before GC invocations=8 (full 3):
 garbage-first heap   total 61440K, used 33664K [0x000000064e400000, 0x00000007c0000000)
  region size 4096K, 4 young (16384K), 0 survivors (0K)
 Metaspace       used 13941K, committed 14144K, reserved 1114112K
  class space    used 1219K, committed 1344K, reserved 1048576K
}
Event: 0.470 GC heap after
{Heap after GC invocations=9 (full 3):
 garbage-first heap   total 61440K, used 22996K [0x000000064e400000, 0x00000007c0000000)
  region size 4096K, 1 young (4096K), 1 survivors (4096K)
 Metaspace       used 13941K, committed 14144K, reserved 1114112K
  class space    used 1219K, committed 1344K, reserved 1048576K
}
Event: 0.516 GC heap before
{Heap before GC invocations=9 (full 3):
 garbage-first heap   total 61440K, used 31188K [0x000000064e400000, 0x00000007c0000000)
  region size 4096K, 3 young (12288K), 1 survivors (4096K)
 Metaspace       used 14826K, committed 15104K, reserved 1114112K
  class space    used 1313K, committed 1472K, reserved 1048576K
}
Event: 0.519 GC heap after
{Heap after GC invocations=10 (full 3):
 garbage-first heap   total 61440K, used 23403K [0x000000064e400000, 0x00000007c0000000)
  region size 4096K, 1 young (4096K), 1 survivors (4096K)
 Metaspace       used 14826K, committed 15104K, reserved 1114112K
  class space    used 1313K, committed 1472K, reserved 1048576K
}
Event: 0.542 GC heap before
{Heap before GC invocations=10 (full 3):
 garbage-first heap   total 61440K, used 23403K [0x000000064e400000, 0x00000007c0000000)
  region size 4096K, 2 young (8192K), 1 survivors (4096K)
 Metaspace       used 15830K, committed 16128K, reserved 1114112K
  class space    used 1401K, committed 1536K, reserved 1048576K
}
Event: 0.562 GC heap after
{Heap after GC invocations=11 (full 4):
 garbage-first heap   total 61440K, used 20968K [0x000000064e400000, 0x00000007c0000000)
  region size 4096K, 0 young (0K), 0 survivors (0K)
 Metaspace       used 15830K, committed 16128K, reserved 1114112K
  class space    used 1401K, committed 1536K, reserved 1048576K
}

